<?xml version="1.0" encoding="UTF-8"?>
<!-- Generated by org.testng.reporters.JUnitReportReporter -->
<testsuite hostname="LAPTOP-TLBRDJC6" failures="0" tests="1" name="testngflags.flag1" time="0.006" errors="0" timestamp="2022-06-10T14:24:34 IST" skipped="0">
  <testcase classname="testngflags.flag1" name="login" time="0.006"/>
  <system-out>
    <![CDATA[login is perform]]>
  </system-out>
</testsuite> <!-- testngflags.flag1 -->
