<?xml version="1.0" encoding="UTF-8"?>
<!-- Generated by org.testng.reporters.JUnitReportReporter -->
<testsuite hostname="LAPTOP-TLBRDJC6" failures="0" tests="5" name="testngpackage.Demo" time="0.025" errors="0" timestamp="2022-06-03T09:56:38 IST" skipped="0">
  <testcase classname="testngpackage.Demo" name="method4" time="0.001"/>
  <system-out>
    <![CDATA[method4 executed]]>
  </system-out>
  <testcase classname="testngpackage.Demo" name="method5" time="0.002"/>
  <system-out>
    <![CDATA[method5 executed]]>
  </system-out>
  <testcase classname="testngpackage.Demo" name="method1" time="0.013"/>
  <system-out>
    <![CDATA[method1 executed]]>
  </system-out>
  <testcase classname="testngpackage.Demo" name="method3" time="0.005"/>
  <system-out>
    <![CDATA[method3 executed]]>
  </system-out>
  <testcase classname="testngpackage.Demo" name="method2" time="0.004"/>
  <system-out>
    <![CDATA[method2 executed]]>
  </system-out>
</testsuite> <!-- testngpackage.Demo -->
