<?xml version="1.0" encoding="UTF-8"?>
<!-- Generated by org.testng.reporters.JUnitReportReporter -->
<testsuite hostname="LAPTOP-TLBRDJC6" failures="0" tests="12" name="testngflags.flag7" time="0.025" errors="0" timestamp="2022-06-06T09:54:54 IST" skipped="0">
  <testcase classname="testngflags.flag7" name="it2" time="0.003"/>
  <system-out>
    <![CDATA[ft2]]>
  </system-out>
  <testcase classname="testngflags.flag7" name="it6" time="0.002"/>
  <system-out>
    <![CDATA[ft6]]>
  </system-out>
  <testcase classname="testngflags.flag7" name="it1" time="0.007"/>
  <system-out>
    <![CDATA[ft1]]>
  </system-out>
  <testcase classname="testngflags.flag7" name="st2" time="0.000"/>
  <system-out>
    <![CDATA[ft2]]>
  </system-out>
  <testcase classname="testngflags.flag7" name="st3" time="0.002"/>
  <system-out>
    <![CDATA[ft3]]>
  </system-out>
  <testcase classname="testngflags.flag7" name="st4" time="0.001"/>
  <system-out>
    <![CDATA[ft4]]>
  </system-out>
  <testcase classname="testngflags.flag7" name="st6" time="0.001"/>
  <system-out>
    <![CDATA[ft6]]>
  </system-out>
  <testcase classname="testngflags.flag7" name="it5" time="0.002"/>
  <system-out>
    <![CDATA[ft5]]>
  </system-out>
  <testcase classname="testngflags.flag7" name="st5" time="0.001"/>
  <system-out>
    <![CDATA[ft5]]>
  </system-out>
  <testcase classname="testngflags.flag7" name="st1" time="0.002"/>
  <system-out>
    <![CDATA[ft1]]>
  </system-out>
  <testcase classname="testngflags.flag7" name="it3" time="0.003"/>
  <system-out>
    <![CDATA[ft3]]>
  </system-out>
  <testcase classname="testngflags.flag7" name="it4" time="0.001"/>
  <system-out>
    <![CDATA[ft4]]>
  </system-out>
</testsuite> <!-- testngflags.flag7 -->
