<?xml version="1.0" encoding="UTF-8"?>
<!-- Generated by org.testng.reporters.JUnitReportReporter -->
<testsuite hostname="LAPTOP-TLBRDJC6" failures="0" tests="12" name="testngflags.Flag41" time="0.021" errors="0" timestamp="2022-06-07T14:55:49 IST" skipped="0">
  <testcase classname="testngflags.Flag41" name="c" time="0.011"/>
  <system-out>
    <![CDATA[c]]>
  </system-out>
  <testcase classname="testngflags.Flag41" name="m" time="0.001"/>
  <system-out>
    <![CDATA[m]]>
  </system-out>
  <testcase classname="testngflags.Flag41" name="t" time="0.001"/>
  <system-out>
    <![CDATA[t]]>
  </system-out>
  <testcase classname="testngflags.Flag41" name="q" time="0.001"/>
  <system-out>
    <![CDATA[q]]>
  </system-out>
  <testcase classname="testngflags.Flag41" name="i" time="0.001"/>
  <system-out>
    <![CDATA[i]]>
  </system-out>
  <testcase classname="testngflags.Flag41" name="y" time="0.001"/>
  <system-out>
    <![CDATA[y]]>
  </system-out>
  <testcase classname="testngflags.Flag41" name="f" time="0.001"/>
  <system-out>
    <![CDATA[f]]>
  </system-out>
  <testcase classname="testngflags.Flag41" name="l" time="0.001"/>
  <system-out>
    <![CDATA[l]]>
  </system-out>
  <testcase classname="testngflags.Flag41" name="o" time="0.000"/>
  <system-out>
    <![CDATA[o]]>
  </system-out>
  <testcase classname="testngflags.Flag41" name="h" time="0.001"/>
  <system-out>
    <![CDATA[h]]>
  </system-out>
  <testcase classname="testngflags.Flag41" name="a" time="0.001"/>
  <system-out>
    <![CDATA[a]]>
  </system-out>
  <testcase classname="testngflags.Flag41" name="j" time="0.001"/>
  <system-out>
    <![CDATA[j]]>
  </system-out>
</testsuite> <!-- testngflags.Flag41 -->
