<?xml version="1.0" encoding="UTF-8"?>
<!-- Generated by org.testng.reporters.JUnitReportReporter -->
<testsuite hostname="LAPTOP-TLBRDJC6" failures="0" tests="2" name="testngflags.flag2" time="0.011" errors="0" timestamp="2022-06-10T14:24:06 IST" skipped="1">
  <testcase classname="testngflags.flag2" name="login" time="0.011"/>
  <system-out>
    <![CDATA[login performed]]>
  </system-out>
  <testcase classname="testngflags.flag2" name="logout">
    <skipped/>
  </testcase> <!-- logout -->
  <system-out/>
</testsuite> <!-- testngflags.flag2 -->
