<?xml version="1.0" encoding="UTF-8"?>
<!-- Generated by org.testng.reporters.JUnitReportReporter -->
<testsuite hostname="LAPTOP-TLBRDJC6" failures="0" tests="1" name="testngflags.class1" time="7.407" errors="0" timestamp="2022-06-07T16:05:49 IST" skipped="0">
  <testcase classname="testngflags.class1" name="f" time="7.407"/>
  <system-out/>
</testsuite> <!-- testngflags.class1 -->
